[?25l

[1A[s
[u[1000D[1000D[K[1A[1000D[K[32m0%[39m remaining: html(1)[90m
Last job: [39m
[u[1000D[1000D[K[1A[1000D[K[32m0%[39m remaining: html(1)[90m
Last job: loading resume.html[39m
[u[1000D[1000D[K[1A[1000D[K[32m100%[39m[90m
Last job: loading resume.html[39m
[u[1000D[1000D[K[1A[1000D[K[32m20%[39m remaining: links(4)[90m
Last job: loading resume.html[39m
[u[1000D[1000D[K[1A[1000D[K[32m20%[39m remaining: links(4)[90m
Last job: processing external css semantic.min.css[39m
[u[1000D[1000D[K[1A[1000D[K[32m20%[39m remaining: links(4)[90m
Last job: loading semantic.min.css[39m
[u[1000D[1000D[K[1A[1000D[K[32m20%[39m remaining: links(4)[90m
Last job: processing external css rating.min.css[39m
[u[1000D[1000D[K[1A[1000D[K[32m20%[39m remaining: links(4)[90m
Last job: loading rating.min.css[39m
[u[1000D[1000D[K[1A[1000D[K[32m20%[39m remaining: links(4)[90m
Last job: processing external css fonts.css[39m
[u[1000D[1000D[K[1A[1000D[K[32m20%[39m remaining: links(4)[90m
Last job: loading fonts.css[39m
[u[1000D[1000D[K[1A[1000D[K[32m20%[39m remaining: links(4)[90m
Last job: processing external css default_theme.css[39m
[u[1000D[1000D[K[1A[1000D[K[32m20%[39m remaining: links(4)[90m
Last job: loading default_theme.css[39m
[u[1000D[1000D[K[1A[1000D[K[32m7%[39m remaining: links(4), style-attrs(10)[90m
Last job: loading default_theme.css[39m
[u[1000D[1000D[K[1A[1000D[K[32m7%[39m remaining: links(4), style-attrs(10)[90m
Last job: processing inline css[39m
[u[1000D[1000D[K[1A[1000D[K[32m7%[39m remaining: links(4), style-attrs(10)[90m
Last job: compress css[39m
[u[1000D[1000D[K[1A[1000D[K[32m7%[39m remaining: links(4), style-attrs(10)[90m
Last job: processing inline css[39m
[u[1000D[1000D[K[1A[1000D[K[32m7%[39m remaining: links(4), style-attrs(10)[90m
Last job: compress css[39m
[u[1000D[1000D[K[1A[1000D[K[32m7%[39m remaining: links(4), style-attrs(10)[90m
Last job: processing inline css[39m
[u[1000D[1000D[K[1A[1000D[K[32m7%[39m remaining: links(4), style-attrs(10)[90m
Last job: compress css[39m
[u[1000D[1000D[K[1A[1000D[K[32m7%[39m remaining: links(4), style-attrs(10)[90m
Last job: processing inline css[39m
[u[1000D[1000D[K[1A[1000D[K[32m7%[39m remaining: links(4), style-attrs(10)[90m
Last job: compress css[39m
[u[1000D[1000D[K[1A[1000D[K[32m7%[39m remaining: links(4), style-attrs(10)[90m
Last job: processing inline css[39m
[u[1000D[1000D[K[1A[1000D[K[32m7%[39m remaining: links(4), style-attrs(10)[90m
Last job: compress css[39m
[u[1000D[1000D[K[1A[1000D[K[32m7%[39m remaining: links(4), style-attrs(10)[90m
Last job: processing inline css[39m
[u[1000D[1000D[K[1A[1000D[K[32m7%[39m remaining: links(4), style-attrs(10)[90m
Last job: compress css[39m
[u[1000D[1000D[K[1A[1000D[K[32m7%[39m remaining: links(4), style-attrs(10)[90m
Last job: processing inline css[39m
[u[1000D[1000D[K[1A[1000D[K[32m7%[39m remaining: links(4), style-attrs(10)[90m
Last job: compress css[39m
[u[1000D[1000D[K[1A[1000D[K[32m7%[39m remaining: links(4), style-attrs(10)[90m
Last job: processing inline css[39m
[u[1000D[1000D[K[1A[1000D[K[32m7%[39m remaining: links(4), style-attrs(10)[90m
Last job: compress css[39m
[u[1000D[1000D[K[1A[1000D[K[32m7%[39m remaining: links(4), style-attrs(10)[90m
Last job: processing inline css[39m
[u[1000D[1000D[K[1A[1000D[K[32m7%[39m remaining: links(4), style-attrs(10)[90m
Last job: compress css[39m
[u[1000D[1000D[K[1A[1000D[K[32m7%[39m remaining: links(4), style-attrs(10)[90m
Last job: processing inline css[39m
[u[1000D[1000D[K[1A[1000D[K[32m7%[39m remaining: links(4), style-attrs(10)[90m
Last job: compress css[39m
[u[1000D[1000D[K[1A[1000D[K[32m7%[39m remaining: links(4), style-attrs(10)[90m
Last job: compress css[39m
[u[1000D[1000D[K[1A[1000D[K[32m7%[39m remaining: links(4), style-attrs(10)[90m
Last job: compress css[39m
[u[1000D[1000D[K[1A[1000D[K[32m7%[39m remaining: links(4), style-attrs(10)[90m
Last job: compress css[39m
[u[1000D[1000D[K[1A[1000D[K[32m7%[39m remaining: links(4), style-attrs(10)[90m
Last job: compress css[39m
[u[1000D[1000D[K[1A[1000D[K[32m7%[39m remaining: links(4), style-attrs(10)[90m
Last job: compress css[39m
[u[1000D[1000D[K[1A[1000D[K[32m7%[39m remaining: links(4), style-attrs(10)[90m
Last job: compress css[39m
[u[1000D[1000D[K[1A[1000D[K[32m7%[39m remaining: links(4), style-attrs(10)[90m
Last job: compress css[39m
[u[1000D[1000D[K[1A[1000D[K[32m7%[39m remaining: links(4), style-attrs(10)[90m
Last job: compress css[39m
[u[1000D[1000D[K[1A[1000D[K[32m7%[39m remaining: links(4), style-attrs(10)[90m
Last job: compress css[39m
[u[1000D[1000D[K[1A[1000D[K[32m7%[39m remaining: links(4), style-attrs(10)[90m
Last job: compress css[39m
[u[1000D[1000D[K[1A[1000D[K[32m14%[39m remaining: links(4), style-attrs(9)[90m
Last job: compress css[39m
[u[1000D[1000D[K[1A[1000D[K[32m20%[39m remaining: links(4), style-attrs(8)[90m
Last job: compress css[39m
[u[1000D[1000D[K[1A[1000D[K[32m27%[39m remaining: links(4), style-attrs(7)[90m
Last job: compress css[39m
[u[1000D[1000D[K[1A[1000D[K[32m34%[39m remaining: links(4), style-attrs(6)[90m
Last job: compress css[39m
[u[1000D[1000D[K[1A[1000D[K[32m40%[39m remaining: links(4), style-attrs(5)[90m
Last job: compress css[39m
[u[1000D[1000D[K[1A[1000D[K[32m47%[39m remaining: links(4), style-attrs(4)[90m
Last job: compress css[39m
[u[1000D[1000D[K[1A[1000D[K[32m54%[39m remaining: links(4), style-attrs(3)[90m
Last job: compress css[39m
[u[1000D[1000D[K[1A[1000D[K[32m60%[39m remaining: links(4), style-attrs(2)[90m
Last job: compress css[39m
[u[1000D[1000D[K[1A[1000D[K[32m67%[39m remaining: links(4), style-attrs(1)[90m
Last job: compress css[39m
[u[1000D[1000D[K[1A[1000D[K[32m74%[39m remaining: links(4)[90m
Last job: compress css[39m
[u[1000D[1000D[K[1A[1000D[K[32m80%[39m remaining: links(3)[90m
Last job: compress css[39m
[u[1000D[1000D[K[1A[1000D[K[32m100%[39m remaining: links(3)[90m
Last job: compress css[39m
[u[1000D[1000D[K[1A[1000D[K[32m100%[39m remaining: links(3)[90m
Last job: loading css?family=Lato:400,700,400italic,700italic&subset=latin[39m
[u[1000D[1000D[K[1A[1000D[K[32m100%[39m remaining: links(2)[90m
Last job: loading css?family=Lato:400,700,400italic,700italic&subset=latin[39m
[u[1000D[1000D[K[1A[1000D[K[32m100%[39m remaining: links(2)[90m
Last job: compress css[39m
[u[1000D[1000D[K[1A[1000D[K[32m100%[39m remaining: links(2)[90m
Last job: compress css[39m
[u[1000D[1000D[K[1A[1000D[K[32m100%[39m remaining: links(1)[90m
Last job: compress css[39m
[u[1000D[1000D[K[1A[1000D[K[32m100%[39m remaining: links(1)[90m
Last job: compress css[39m
[u[1000D[1000D[K[1A[1000D[K[32m100%[39m remaining: links(1), images(4)[90m
Last job: compress css[39m
[u[1000D[1000D[K[1A[1000D[K[32m100%[39m remaining: links(1), images(4)[90m
Last job: get image LibreBaskerville-Regular.ttf[39m
[u[1000D[1000D[K[1A[1000D[K[32m100%[39m remaining: links(1), images(4)[90m
Last job: loading LibreBaskerville-Regular.ttf[39m
[u[1000D[1000D[K[1A[1000D[K[32m100%[39m remaining: links(1), images(4)[90m
Last job: get image Lobster-Regular.ttf[39m
[u[1000D[1000D[K[1A[1000D[K[32m100%[39m remaining: links(1), images(4)[90m
Last job: loading Lobster-Regular.ttf[39m
[u[1000D[1000D[K[1A[1000D[K[32m100%[39m remaining: links(1), images(4)[90m
Last job: get image Bungee-Regular.ttf[39m
[u[1000D[1000D[K[1A[1000D[K[32m100%[39m remaining: links(1), images(4)[90m
Last job: loading Bungee-Regular.ttf[39m
[u[1000D[1000D[K[1A[1000D[K[32m100%[39m remaining: links(1), images(4)[90m
Last job: get image LibreFranklin-Bold.ttf[39m
[u[1000D[1000D[K[1A[1000D[K[32m100%[39m remaining: links(1), images(4)[90m
Last job: loading LibreFranklin-Bold.ttf[39m
[u[1000D[1000D[K[1A[1000D[K[32m100%[39m remaining: images(4)[90m
Last job: loading LibreFranklin-Bold.ttf[39m
[u[1000D[1000D[K[1A[1000D[K[32m100%[39m remaining: images(4)[90m
Last job: compress css[39m
[u[1000D[1000D[K[1A[1000D[K[32m100%[39m remaining: images(4)[90m
Last job: compress css[39m
[u[1000D[1000D[K[1A[1000D[K[32m100%[39m remaining: images(3)[90m
Last job: compress css[39m
[u[1000D[1000D[K[1A[1000D[K[32m100%[39m remaining: images(2)[90m
Last job: compress css[39m
[u[1000D[1000D[K[1A[1000D[K[32m100%[39m remaining: images(1)[90m
Last job: compress css[39m
[u[1000D[1000D[K[1A[1000D[K[32m100%[39m[90m
Last job: compress css[39m
[u[1000D[1000D[K[1A[1000D[K[32m100%[39m remaining: links(-1)[90m
Last job: compress css[39m
[u[1000D[1000D[K[1A[1000D[K[32m100%[39m remaining: links(-1)[90m
Last job: import css?family=Lato:400,700,400italic,700italic&subset=latin[39m
[u[1000D[1000D[K[1A[1000D[K[32m100%[39m remaining: links(-1)[90m
Last job: compress css[39m
[u[1000D[1000D[K[1A[1000D[K[32m100%[39m remaining: links(-1), images(11)[90m
Last job: compress css[39m
[u[1000D[1000D[K[1A[1000D[K[32m100%[39m remaining: links(-1), images(11)[90m
Last job: get image v0SdcGFAl2aezM9Vq_aFTQ.ttf[39m
[u[1000D[1000D[K[1A[1000D[K[32m100%[39m remaining: links(-1), images(11)[90m
Last job: loading v0SdcGFAl2aezM9Vq_aFTQ.ttf[39m
[u[1000D[1000D[K[1A[1000D[K[32m100%[39m remaining: links(-1), images(11)[90m
Last job: get image DvlFBScY1r-FMtZSYIYoYw.ttf[39m
[u[1000D[1000D[K[1A[1000D[K[32m100%[39m remaining: links(-1), images(11)[90m
Last job: loading DvlFBScY1r-FMtZSYIYoYw.ttf[39m
[u[1000D[1000D[K[1A[1000D[K[32m100%[39m remaining: links(-1), images(11)[90m
Last job: get image LqowQDslGv4DmUBAfWa2Vw.ttf[39m
[u[1000D[1000D[K[1A[1000D[K[32m100%[39m remaining: links(-1), images(11)[90m
Last job: loading LqowQDslGv4DmUBAfWa2Vw.ttf[39m
[u[1000D[1000D[K[1A[1000D[K[32m100%[39m remaining: links(-1), images(11)[90m
Last job: get image HkF_qI1x_noxlxhrhMQYEKCWcynf_cDxXwCLxiixG1c.ttf[39m
[u[1000D[1000D[K[1A[1000D[K[32m100%[39m remaining: links(-1), images(11)[90m
Last job: loading HkF_qI1x_noxlxhrhMQYEKCWcynf_cDxXwCLxiixG1c.ttf[39m
[u[1000D[1000D[K[1A[1000D[K[32m100%[39m remaining: links(-1), images(11)[90m
Last job: get image flags.png[39m
[u[1000D[1000D[K[1A[1000D[K[32m100%[39m remaining: links(-1), images(11)[90m
Last job: loading flags.png[39m
[u[1000D[1000D[K[1A[1000D[K[32m100%[39m remaining: links(-1), images(11)[90m
Last job: get image icons.eot[39m
[u[1000D[1000D[K[1A[1000D[K[32m100%[39m remaining: links(-1), images(11)[90m
Last job: loading icons.eot[39m
[u[1000D[1000D[K[1A[1000D[K[32m100%[39m remaining: links(-1), images(11)[90m
Last job: get image icons.eot[39m
[u[1000D[1000D[K[1A[1000D[K[32m100%[39m remaining: links(-1), images(11)[90m
Last job: get image icons.woff2[39m
[u[1000D[1000D[K[1A[1000D[K[32m100%[39m remaining: links(-1), images(11)[90m
Last job: loading icons.woff2[39m
[u[1000D[1000D[K[1A[1000D[K[32m100%[39m remaining: links(-1), images(11)[90m
Last job: get image icons.woff[39m
[u[1000D[1000D[K[1A[1000D[K[32m100%[39m remaining: links(-1), images(11)[90m
Last job: loading icons.woff[39m
[u[1000D[1000D[K[1A[1000D[K[32m100%[39m remaining: links(-1), images(11)[90m
Last job: get image icons.ttf[39m
[u[1000D[1000D[K[1A[1000D[K[32m100%[39m remaining: links(-1), images(11)[90m
Last job: loading icons.ttf[39m
[u[1000D[1000D[K[1A[1000D[K[32m100%[39m remaining: links(-1), images(11)[90m
Last job: get image icons.svg[39m
[u[1000D[1000D[K[1A[1000D[K[32m100%[39m remaining: links(-1), images(11)[90m
Last job: loading icons.svg[39m
[u[1000D[1000D[K[1A[1000D[K[32m100%[39m remaining: links(-1), images(10)[90m
Last job: loading icons.svg[39m
[u[1000D[1000D[K[1A[1000D[K[32m100%[39m remaining: links(-1), images(9)[90m
Last job: loading icons.svg[39m
[u[1000D[1000D[K[1A[1000D[K[32m100%[39m remaining: links(-1), images(8)[90m
Last job: loading icons.svg[39m
[u[1000D[1000D[K[1A[1000D[K[32m100%[39m remaining: links(-1), images(7)[90m
Last job: loading icons.svg[39m
[u[1000D[1000D[K[1A[1000D[K[32m100%[39m remaining: links(-1), images(6)[90m
Last job: loading icons.svg[39m
[u[1000D[1000D[K[1A[1000D[K[32m100%[39m remaining: links(-1), images(5)[90m
Last job: loading icons.svg[39m
[u[1000D[1000D[K[1A[1000D[K[32m100%[39m remaining: links(-1), images(4)[90m
Last job: loading icons.svg[39m
[u[1000D[1000D[K[1A[1000D[K[32m100%[39m remaining: links(-1), images(3)[90m
Last job: loading icons.svg[39m
[u[1000D[1000D[K[1A[1000D[K[32m100%[39m remaining: links(-1), images(2)[90m
Last job: loading icons.svg[39m
[u[1000D[1000D[K[1A[1000D[K[32m100%[39m remaining: links(-1), images(1)[90m
Last job: loading icons.svg[39m
[u[1000D[1000D[K[1A[1000D[K[32m100%[39m remaining: links(-1)[90m
Last job: loading icons.svg[39m
[32mTime: 16s 368.518ms
[39m[?25h[?25h[?25h[?25l

[1A[s
[u[1000D[1000D[K[1A[1000D[K[32m0%[39m remaining: html(1)[90m
Last job: [39m
[u[1000D[1000D[K[1A[1000D[K[32m0%[39m remaining: html(1)[90m
Last job: loading resume.html[39m
[u[1000D[1000D[K[1A[1000D[K[32m100%[39m[90m
Last job: loading resume.html[39m
[u[1000D[1000D[K[1A[1000D[K[32m20%[39m remaining: links(4)[90m
Last job: loading resume.html[39m
[u[1000D[1000D[K[1A[1000D[K[32m20%[39m remaining: links(4)[90m
Last job: processing external css semantic.min.css[39m
[u[1000D[1000D[K[1A[1000D[K[32m20%[39m remaining: links(4)[90m
Last job: loading semantic.min.css[39m
[u[1000D[1000D[K[1A[1000D[K[32m20%[39m remaining: links(4)[90m
Last job: processing external css rating.min.css[39m
[u[1000D[1000D[K[1A[1000D[K[32m20%[39m remaining: links(4)[90m
Last job: loading rating.min.css[39m
[u[1000D[1000D[K[1A[1000D[K[32m20%[39m remaining: links(4)[90m
Last job: processing external css fonts.css[39m
[u[1000D[1000D[K[1A[1000D[K[32m20%[39m remaining: links(4)[90m
Last job: loading fonts.css[39m
[u[1000D[1000D[K[1A[1000D[K[32m20%[39m remaining: links(4)[90m
Last job: processing external css default_theme.css[39m
[u[1000D[1000D[K[1A[1000D[K[32m20%[39m remaining: links(4)[90m
Last job: loading default_theme.css[39m
[u[1000D[1000D[K[1A[1000D[K[32m7%[39m remaining: links(4), style-attrs(10)[90m
Last job: loading default_theme.css[39m
[u[1000D[1000D[K[1A[1000D[K[32m7%[39m remaining: links(4), style-attrs(10)[90m
Last job: processing inline css[39m
[u[1000D[1000D[K[1A[1000D[K[32m7%[39m remaining: links(4), style-attrs(10)[90m
Last job: compress css[39m
[u[1000D[1000D[K[1A[1000D[K[32m7%[39m remaining: links(4), style-attrs(10)[90m
Last job: processing inline css[39m
[u[1000D[1000D[K[1A[1000D[K[32m7%[39m remaining: links(4), style-attrs(10)[90m
Last job: compress css[39m
[u[1000D[1000D[K[1A[1000D[K[32m7%[39m remaining: links(4), style-attrs(10)[90m
Last job: processing inline css[39m
[u[1000D[1000D[K[1A[1000D[K[32m7%[39m remaining: links(4), style-attrs(10)[90m
Last job: compress css[39m
[u[1000D[1000D[K[1A[1000D[K[32m7%[39m remaining: links(4), style-attrs(10)[90m
Last job: processing inline css[39m
[u[1000D[1000D[K[1A[1000D[K[32m7%[39m remaining: links(4), style-attrs(10)[90m
Last job: compress css[39m
[u[1000D[1000D[K[1A[1000D[K[32m7%[39m remaining: links(4), style-attrs(10)[90m
Last job: processing inline css[39m
[u[1000D[1000D[K[1A[1000D[K[32m7%[39m remaining: links(4), style-attrs(10)[90m
Last job: compress css[39m
[u[1000D[1000D[K[1A[1000D[K[32m7%[39m remaining: links(4), style-attrs(10)[90m
Last job: processing inline css[39m
[u[1000D[1000D[K[1A[1000D[K[32m7%[39m remaining: links(4), style-attrs(10)[90m
Last job: compress css[39m
[u[1000D[1000D[K[1A[1000D[K[32m7%[39m remaining: links(4), style-attrs(10)[90m
Last job: processing inline css[39m
[u[1000D[1000D[K[1A[1000D[K[32m7%[39m remaining: links(4), style-attrs(10)[90m
Last job: compress css[39m
[u[1000D[1000D[K[1A[1000D[K[32m7%[39m remaining: links(4), style-attrs(10)[90m
Last job: processing inline css[39m
[u[1000D[1000D[K[1A[1000D[K[32m7%[39m remaining: links(4), style-attrs(10)[90m
Last job: compress css[39m
[u[1000D[1000D[K[1A[1000D[K[32m7%[39m remaining: links(4), style-attrs(10)[90m
Last job: processing inline css[39m
[u[1000D[1000D[K[1A[1000D[K[32m7%[39m remaining: links(4), style-attrs(10)[90m
Last job: compress css[39m
[u[1000D[1000D[K[1A[1000D[K[32m7%[39m remaining: links(4), style-attrs(10)[90m
Last job: processing inline css[39m
[u[1000D[1000D[K[1A[1000D[K[32m7%[39m remaining: links(4), style-attrs(10)[90m
Last job: compress css[39m
[u[1000D[1000D[K[1A[1000D[K[32m7%[39m remaining: links(4), style-attrs(10)[90m
Last job: compress css[39m
[u[1000D[1000D[K[1A[1000D[K[32m7%[39m remaining: links(4), style-attrs(10)[90m
Last job: compress css[39m
[u[1000D[1000D[K[1A[1000D[K[32m7%[39m remaining: links(4), style-attrs(10)[90m
Last job: compress css[39m
[u[1000D[1000D[K[1A[1000D[K[32m7%[39m remaining: links(4), style-attrs(10)[90m
Last job: compress css[39m
[u[1000D[1000D[K[1A[1000D[K[32m7%[39m remaining: links(4), style-attrs(10)[90m
Last job: compress css[39m
[u[1000D[1000D[K[1A[1000D[K[32m7%[39m remaining: links(4), style-attrs(10)[90m
Last job: compress css[39m
[u[1000D[1000D[K[1A[1000D[K[32m7%[39m remaining: links(4), style-attrs(10)[90m
Last job: compress css[39m
[u[1000D[1000D[K[1A[1000D[K[32m7%[39m remaining: links(4), style-attrs(10)[90m
Last job: compress css[39m
[u[1000D[1000D[K[1A[1000D[K[32m7%[39m remaining: links(4), style-attrs(10)[90m
Last job: compress css[39m
[u[1000D[1000D[K[1A[1000D[K[32m7%[39m remaining: links(4), style-attrs(10)[90m
Last job: compress css[39m
[u[1000D[1000D[K[1A[1000D[K[32m14%[39m remaining: links(4), style-attrs(9)[90m
Last job: compress css[39m
[u[1000D[1000D[K[1A[1000D[K[32m20%[39m remaining: links(4), style-attrs(8)[90m
Last job: compress css[39m
[u[1000D[1000D[K[1A[1000D[K[32m27%[39m remaining: links(4), style-attrs(7)[90m
Last job: compress css[39m
[u[1000D[1000D[K[1A[1000D[K[32m34%[39m remaining: links(4), style-attrs(6)[90m
Last job: compress css[39m
[u[1000D[1000D[K[1A[1000D[K[32m40%[39m remaining: links(4), style-attrs(5)[90m
Last job: compress css[39m
[u[1000D[1000D[K[1A[1000D[K[32m47%[39m remaining: links(4), style-attrs(4)[90m
Last job: compress css[39m
[u[1000D[1000D[K[1A[1000D[K[32m54%[39m remaining: links(4), style-attrs(3)[90m
Last job: compress css[39m
[u[1000D[1000D[K[1A[1000D[K[32m60%[39m remaining: links(4), style-attrs(2)[90m
Last job: compress css[39m
[u[1000D[1000D[K[1A[1000D[K[32m67%[39m remaining: links(4), style-attrs(1)[90m
Last job: compress css[39m
[u[1000D[1000D[K[1A[1000D[K[32m74%[39m remaining: links(4)[90m
Last job: compress css[39m
[u[1000D[1000D[K[1A[1000D[K[32m80%[39m remaining: links(3)[90m
Last job: compress css[39m
[u[1000D[1000D[K[1A[1000D[K[32m100%[39m remaining: links(3)[90m
Last job: compress css[39m
[u[1000D[1000D[K[1A[1000D[K[32m100%[39m remaining: links(3)[90m
Last job: loading css?family=Lato:400,700,400italic,700italic&subset=latin[39m
[u[1000D[1000D[K[1A[1000D[K[32m100%[39m remaining: links(2)[90m
Last job: loading css?family=Lato:400,700,400italic,700italic&subset=latin[39m
[u[1000D[1000D[K[1A[1000D[K[32m100%[39m remaining: links(2)[90m
Last job: compress css[39m
[u[1000D[1000D[K[1A[1000D[K[32m100%[39m remaining: links(2)[90m
Last job: compress css[39m
[u[1000D[1000D[K[1A[1000D[K[32m100%[39m remaining: links(1)[90m
Last job: compress css[39m
[u[1000D[1000D[K[1A[1000D[K[32m100%[39m remaining: links(1)[90m
Last job: compress css[39m
[u[1000D[1000D[K[1A[1000D[K[32m100%[39m remaining: links(1), images(4)[90m
Last job: compress css[39m
[u[1000D[1000D[K[1A[1000D[K[32m100%[39m remaining: links(1), images(4)[90m
Last job: get image LibreBaskerville-Regular.ttf[39m
[u[1000D[1000D[K[1A[1000D[K[32m100%[39m remaining: links(1), images(4)[90m
Last job: loading LibreBaskerville-Regular.ttf[39m
[u[1000D[1000D[K[1A[1000D[K[32m100%[39m remaining: links(1), images(4)[90m
Last job: get image Lobster-Regular.ttf[39m
[u[1000D[1000D[K[1A[1000D[K[32m100%[39m remaining: links(1), images(4)[90m
Last job: loading Lobster-Regular.ttf[39m
[u[1000D[1000D[K[1A[1000D[K[32m100%[39m remaining: links(1), images(4)[90m
Last job: get image Bungee-Regular.ttf[39m
[u[1000D[1000D[K[1A[1000D[K[32m100%[39m remaining: links(1), images(4)[90m
Last job: loading Bungee-Regular.ttf[39m
[u[1000D[1000D[K[1A[1000D[K[32m100%[39m remaining: links(1), images(4)[90m
Last job: get image LibreFranklin-Bold.ttf[39m
[u[1000D[1000D[K[1A[1000D[K[32m100%[39m remaining: links(1), images(4)[90m
Last job: loading LibreFranklin-Bold.ttf[39m
[u[1000D[1000D[K[1A[1000D[K[32m100%[39m remaining: images(4)[90m
Last job: loading LibreFranklin-Bold.ttf[39m
[u[1000D[1000D[K[1A[1000D[K[32m100%[39m remaining: images(4)[90m
Last job: compress css[39m
[u[1000D[1000D[K[1A[1000D[K[32m100%[39m remaining: images(4)[90m
Last job: compress css[39m
[u[1000D[1000D[K[1A[1000D[K[32m100%[39m remaining: images(3)[90m
Last job: compress css[39m
[u[1000D[1000D[K[1A[1000D[K[32m100%[39m remaining: images(2)[90m
Last job: compress css[39m
[u[1000D[1000D[K[1A[1000D[K[32m100%[39m remaining: images(1)[90m
Last job: compress css[39m
[u[1000D[1000D[K[1A[1000D[K[32m100%[39m[90m
Last job: compress css[39m
[u[1000D[1000D[K[1A[1000D[K[32m100%[39m remaining: links(-1)[90m
Last job: compress css[39m
[u[1000D[1000D[K[1A[1000D[K[32m100%[39m remaining: links(-1)[90m
Last job: import css?family=Lato:400,700,400italic,700italic&subset=latin[39m
[u[1000D[1000D[K[1A[1000D[K[32m100%[39m remaining: links(-1)[90m
Last job: compress css[39m
[u[1000D[1000D[K[1A[1000D[K[32m100%[39m remaining: links(-1), images(11)[90m
Last job: compress css[39m
[u[1000D[1000D[K[1A[1000D[K[32m100%[39m remaining: links(-1), images(11)[90m
Last job: get image v0SdcGFAl2aezM9Vq_aFTQ.ttf[39m
[u[1000D[1000D[K[1A[1000D[K[32m100%[39m remaining: links(-1), images(11)[90m
Last job: loading v0SdcGFAl2aezM9Vq_aFTQ.ttf[39m
[u[1000D[1000D[K[1A[1000D[K[32m100%[39m remaining: links(-1), images(11)[90m
Last job: get image DvlFBScY1r-FMtZSYIYoYw.ttf[39m
[u[1000D[1000D[K[1A[1000D[K[32m100%[39m remaining: links(-1), images(11)[90m
Last job: loading DvlFBScY1r-FMtZSYIYoYw.ttf[39m
[u[1000D[1000D[K[1A[1000D[K[32m100%[39m remaining: links(-1), images(11)[90m
Last job: get image LqowQDslGv4DmUBAfWa2Vw.ttf[39m
[u[1000D[1000D[K[1A[1000D[K[32m100%[39m remaining: links(-1), images(11)[90m
Last job: loading LqowQDslGv4DmUBAfWa2Vw.ttf[39m
[u[1000D[1000D[K[1A[1000D[K[32m100%[39m remaining: links(-1), images(11)[90m
Last job: get image HkF_qI1x_noxlxhrhMQYEKCWcynf_cDxXwCLxiixG1c.ttf[39m
[u[1000D[1000D[K[1A[1000D[K[32m100%[39m remaining: links(-1), images(11)[90m
Last job: loading HkF_qI1x_noxlxhrhMQYEKCWcynf_cDxXwCLxiixG1c.ttf[39m
[u[1000D[1000D[K[1A[1000D[K[32m100%[39m remaining: links(-1), images(11)[90m
Last job: get image flags.png[39m
[u[1000D[1000D[K[1A[1000D[K[32m100%[39m remaining: links(-1), images(11)[90m
Last job: loading flags.png[39m
[u[1000D[1000D[K[1A[1000D[K[32m100%[39m remaining: links(-1), images(11)[90m
Last job: get image icons.eot[39m
[u[1000D[1000D[K[1A[1000D[K[32m100%[39m remaining: links(-1), images(11)[90m
Last job: loading icons.eot[39m
[u[1000D[1000D[K[1A[1000D[K[32m100%[39m remaining: links(-1), images(11)[90m
Last job: get image icons.eot[39m
[u[1000D[1000D[K[1A[1000D[K[32m100%[39m remaining: links(-1), images(11)[90m
Last job: get image icons.woff2[39m
[u[1000D[1000D[K[1A[1000D[K[32m100%[39m remaining: links(-1), images(11)[90m
Last job: loading icons.woff2[39m
[u[1000D[1000D[K[1A[1000D[K[32m100%[39m remaining: links(-1), images(11)[90m
Last job: get image icons.woff[39m
[u[1000D[1000D[K[1A[1000D[K[32m100%[39m remaining: links(-1), images(11)[90m
Last job: loading icons.woff[39m
[u[1000D[1000D[K[1A[1000D[K[32m100%[39m remaining: links(-1), images(11)[90m
Last job: get image icons.ttf[39m
[u[1000D[1000D[K[1A[1000D[K[32m100%[39m remaining: links(-1), images(11)[90m
Last job: loading icons.ttf[39m
[u[1000D[1000D[K[1A[1000D[K[32m100%[39m remaining: links(-1), images(11)[90m
Last job: get image icons.svg[39m
[u[1000D[1000D[K[1A[1000D[K[32m100%[39m remaining: links(-1), images(11)[90m
Last job: loading icons.svg[39m
[u[1000D[1000D[K[1A[1000D[K[32m100%[39m remaining: links(-1), images(10)[90m
Last job: loading icons.svg[39m
[u[1000D[1000D[K[1A[1000D[K[32m100%[39m remaining: links(-1), images(9)[90m
Last job: loading icons.svg[39m
[u[1000D[1000D[K[1A[1000D[K[32m100%[39m remaining: links(-1), images(8)[90m
Last job: loading icons.svg[39m
[u[1000D[1000D[K[1A[1000D[K[32m100%[39m remaining: links(-1), images(7)[90m
Last job: loading icons.svg[39m
[u[1000D[1000D[K[1A[1000D[K[32m100%[39m remaining: links(-1), images(6)[90m
Last job: loading icons.svg[39m
[u[1000D[1000D[K[1A[1000D[K[32m100%[39m remaining: links(-1), images(5)[90m
Last job: loading icons.svg[39m
[u[1000D[1000D[K[1A[1000D[K[32m100%[39m remaining: links(-1), images(4)[90m
Last job: loading icons.svg[39m
[u[1000D[1000D[K[1A[1000D[K[32m100%[39m remaining: links(-1), images(3)[90m
Last job: loading icons.svg[39m
[u[1000D[1000D[K[1A[1000D[K[32m100%[39m remaining: links(-1), images(2)[90m
Last job: loading icons.svg[39m
[u[1000D[1000D[K[1A[1000D[K[32m100%[39m remaining: links(-1), images(1)[90m
Last job: loading icons.svg[39m
[u[1000D[1000D[K[1A[1000D[K[32m100%[39m remaining: links(-1)[90m
Last job: loading icons.svg[39m
[32mTime: 13s 690.221ms
[39m[?25h[?25h[?25h[?25l

[1A[s
[u[1000D[1000D[K[1A[1000D[K[32m0%[39m remaining: html(1)[90m
Last job: [39m
[u[1000D[1000D[K[1A[1000D[K[32m0%[39m remaining: html(1)[90m
Last job: loading resume.html[39m
[u[1000D[1000D[K[1A[1000D[K[32m100%[39m[90m
Last job: loading resume.html[39m
[u[1000D[1000D[K[1A[1000D[K[32m20%[39m remaining: links(4)[90m
Last job: loading resume.html[39m
[u[1000D[1000D[K[1A[1000D[K[32m20%[39m remaining: links(4)[90m
Last job: processing external css semantic.min.css[39m
[u[1000D[1000D[K[1A[1000D[K[32m20%[39m remaining: links(4)[90m
Last job: loading semantic.min.css[39m
[u[1000D[1000D[K[1A[1000D[K[32m20%[39m remaining: links(4)[90m
Last job: processing external css rating.min.css[39m
[u[1000D[1000D[K[1A[1000D[K[32m20%[39m remaining: links(4)[90m
Last job: loading rating.min.css[39m
[u[1000D[1000D[K[1A[1000D[K[32m20%[39m remaining: links(4)[90m
Last job: processing external css fonts.css[39m
[u[1000D[1000D[K[1A[1000D[K[32m20%[39m remaining: links(4)[90m
Last job: loading fonts.css[39m
[u[1000D[1000D[K[1A[1000D[K[32m20%[39m remaining: links(4)[90m
Last job: processing external css default_theme.css[39m
[u[1000D[1000D[K[1A[1000D[K[32m20%[39m remaining: links(4)[90m
Last job: loading default_theme.css[39m
[u[1000D[1000D[K[1A[1000D[K[32m7%[39m remaining: links(4), style-attrs(10)[90m
Last job: loading default_theme.css[39m
[u[1000D[1000D[K[1A[1000D[K[32m7%[39m remaining: links(4), style-attrs(10)[90m
Last job: processing inline css[39m
[u[1000D[1000D[K[1A[1000D[K[32m7%[39m remaining: links(4), style-attrs(10)[90m
Last job: compress css[39m
[u[1000D[1000D[K[1A[1000D[K[32m7%[39m remaining: links(4), style-attrs(10)[90m
Last job: processing inline css[39m
[u[1000D[1000D[K[1A[1000D[K[32m7%[39m remaining: links(4), style-attrs(10)[90m
Last job: compress css[39m
[u[1000D[1000D[K[1A[1000D[K[32m7%[39m remaining: links(4), style-attrs(10)[90m
Last job: processing inline css[39m
[u[1000D[1000D[K[1A[1000D[K[32m7%[39m remaining: links(4), style-attrs(10)[90m
Last job: compress css[39m
[u[1000D[1000D[K[1A[1000D[K[32m7%[39m remaining: links(4), style-attrs(10)[90m
Last job: processing inline css[39m
[u[1000D[1000D[K[1A[1000D[K[32m7%[39m remaining: links(4), style-attrs(10)[90m
Last job: compress css[39m
[u[1000D[1000D[K[1A[1000D[K[32m7%[39m remaining: links(4), style-attrs(10)[90m
Last job: processing inline css[39m
[u[1000D[1000D[K[1A[1000D[K[32m7%[39m remaining: links(4), style-attrs(10)[90m
Last job: compress css[39m
[u[1000D[1000D[K[1A[1000D[K[32m7%[39m remaining: links(4), style-attrs(10)[90m
Last job: processing inline css[39m
[u[1000D[1000D[K[1A[1000D[K[32m7%[39m remaining: links(4), style-attrs(10)[90m
Last job: compress css[39m
[u[1000D[1000D[K[1A[1000D[K[32m7%[39m remaining: links(4), style-attrs(10)[90m
Last job: processing inline css[39m
[u[1000D[1000D[K[1A[1000D[K[32m7%[39m remaining: links(4), style-attrs(10)[90m
Last job: compress css[39m
[u[1000D[1000D[K[1A[1000D[K[32m7%[39m remaining: links(4), style-attrs(10)[90m
Last job: processing inline css[39m
[u[1000D[1000D[K[1A[1000D[K[32m7%[39m remaining: links(4), style-attrs(10)[90m
Last job: compress css[39m
[u[1000D[1000D[K[1A[1000D[K[32m7%[39m remaining: links(4), style-attrs(10)[90m
Last job: processing inline css[39m
[u[1000D[1000D[K[1A[1000D[K[32m7%[39m remaining: links(4), style-attrs(10)[90m
Last job: compress css[39m
[u[1000D[1000D[K[1A[1000D[K[32m7%[39m remaining: links(4), style-attrs(10)[90m
Last job: processing inline css[39m
[u[1000D[1000D[K[1A[1000D[K[32m7%[39m remaining: links(4), style-attrs(10)[90m
Last job: compress css[39m
[u[1000D[1000D[K[1A[1000D[K[32m7%[39m remaining: links(4), style-attrs(10)[90m
Last job: compress css[39m
[u[1000D[1000D[K[1A[1000D[K[32m7%[39m remaining: links(4), style-attrs(10)[90m
Last job: compress css[39m
[u[1000D[1000D[K[1A[1000D[K[32m7%[39m remaining: links(4), style-attrs(10)[90m
Last job: compress css[39m
[u[1000D[1000D[K[1A[1000D[K[32m7%[39m remaining: links(4), style-attrs(10)[90m
Last job: compress css[39m
[u[1000D[1000D[K[1A[1000D[K[32m7%[39m remaining: links(4), style-attrs(10)[90m
Last job: compress css[39m
[u[1000D[1000D[K[1A[1000D[K[32m7%[39m remaining: links(4), style-attrs(10)[90m
Last job: compress css[39m
[u[1000D[1000D[K[1A[1000D[K[32m7%[39m remaining: links(4), style-attrs(10)[90m
Last job: compress css[39m
[u[1000D[1000D[K[1A[1000D[K[32m7%[39m remaining: links(4), style-attrs(10)[90m
Last job: compress css[39m
[u[1000D[1000D[K[1A[1000D[K[32m7%[39m remaining: links(4), style-attrs(10)[90m
Last job: compress css[39m
[u[1000D[1000D[K[1A[1000D[K[32m7%[39m remaining: links(4), style-attrs(10)[90m
Last job: compress css[39m
[u[1000D[1000D[K[1A[1000D[K[32m14%[39m remaining: links(4), style-attrs(9)[90m
Last job: compress css[39m
[u[1000D[1000D[K[1A[1000D[K[32m20%[39m remaining: links(4), style-attrs(8)[90m
Last job: compress css[39m
[u[1000D[1000D[K[1A[1000D[K[32m27%[39m remaining: links(4), style-attrs(7)[90m
Last job: compress css[39m
[u[1000D[1000D[K[1A[1000D[K[32m34%[39m remaining: links(4), style-attrs(6)[90m
Last job: compress css[39m
[u[1000D[1000D[K[1A[1000D[K[32m40%[39m remaining: links(4), style-attrs(5)[90m
Last job: compress css[39m
[u[1000D[1000D[K[1A[1000D[K[32m47%[39m remaining: links(4), style-attrs(4)[90m
Last job: compress css[39m
[u[1000D[1000D[K[1A[1000D[K[32m54%[39m remaining: links(4), style-attrs(3)[90m
Last job: compress css[39m
[u[1000D[1000D[K[1A[1000D[K[32m60%[39m remaining: links(4), style-attrs(2)[90m
Last job: compress css[39m
[u[1000D[1000D[K[1A[1000D[K[32m67%[39m remaining: links(4), style-attrs(1)[90m
Last job: compress css[39m
[u[1000D[1000D[K[1A[1000D[K[32m74%[39m remaining: links(4)[90m
Last job: compress css[39m
[u[1000D[1000D[K[1A[1000D[K[32m80%[39m remaining: links(3)[90m
Last job: compress css[39m
[u[1000D[1000D[K[1A[1000D[K[32m100%[39m remaining: links(3)[90m
Last job: compress css[39m
[u[1000D[1000D[K[1A[1000D[K[32m100%[39m remaining: links(3)[90m
Last job: loading css?family=Lato:400,700,400italic,700italic&subset=latin[39m
[u[1000D[1000D[K[1A[1000D[K[32m100%[39m remaining: links(2)[90m
Last job: loading css?family=Lato:400,700,400italic,700italic&subset=latin[39m
[u[1000D[1000D[K[1A[1000D[K[32m100%[39m remaining: links(2)[90m
Last job: compress css[39m
[u[1000D[1000D[K[1A[1000D[K[32m100%[39m remaining: links(2)[90m
Last job: compress css[39m
[u[1000D[1000D[K[1A[1000D[K[32m100%[39m remaining: links(1)[90m
Last job: compress css[39m
[u[1000D[1000D[K[1A[1000D[K[32m100%[39m remaining: links(1)[90m
Last job: compress css[39m
[u[1000D[1000D[K[1A[1000D[K[32m100%[39m remaining: links(1), images(4)[90m
Last job: compress css[39m
[u[1000D[1000D[K[1A[1000D[K[32m100%[39m remaining: links(1), images(4)[90m
Last job: get image LibreBaskerville-Regular.ttf[39m
[u[1000D[1000D[K[1A[1000D[K[32m100%[39m remaining: links(1), images(4)[90m
Last job: loading LibreBaskerville-Regular.ttf[39m
[u[1000D[1000D[K[1A[1000D[K[32m100%[39m remaining: links(1), images(4)[90m
Last job: get image Lobster-Regular.ttf[39m
[u[1000D[1000D[K[1A[1000D[K[32m100%[39m remaining: links(1), images(4)[90m
Last job: loading Lobster-Regular.ttf[39m
[u[1000D[1000D[K[1A[1000D[K[32m100%[39m remaining: links(1), images(4)[90m
Last job: get image Bungee-Regular.ttf[39m
[u[1000D[1000D[K[1A[1000D[K[32m100%[39m remaining: links(1), images(4)[90m
Last job: loading Bungee-Regular.ttf[39m
[u[1000D[1000D[K[1A[1000D[K[32m100%[39m remaining: links(1), images(4)[90m
Last job: get image LibreFranklin-Bold.ttf[39m
[u[1000D[1000D[K[1A[1000D[K[32m100%[39m remaining: links(1), images(4)[90m
Last job: loading LibreFranklin-Bold.ttf[39m
[u[1000D[1000D[K[1A[1000D[K[32m100%[39m remaining: images(4)[90m
Last job: loading LibreFranklin-Bold.ttf[39m
[u[1000D[1000D[K[1A[1000D[K[32m100%[39m remaining: images(4)[90m
Last job: compress css[39m
[u[1000D[1000D[K[1A[1000D[K[32m100%[39m remaining: images(4)[90m
Last job: compress css[39m
[u[1000D[1000D[K[1A[1000D[K[32m100%[39m remaining: images(3)[90m
Last job: compress css[39m
[u[1000D[1000D[K[1A[1000D[K[32m100%[39m remaining: images(2)[90m
Last job: compress css[39m
[u[1000D[1000D[K[1A[1000D[K[32m100%[39m remaining: images(1)[90m
Last job: compress css[39m
[u[1000D[1000D[K[1A[1000D[K[32m100%[39m[90m
Last job: compress css[39m
[u[1000D[1000D[K[1A[1000D[K[32m100%[39m remaining: links(-1)[90m
Last job: compress css[39m
[u[1000D[1000D[K[1A[1000D[K[32m100%[39m remaining: links(-1)[90m
Last job: import css?family=Lato:400,700,400italic,700italic&subset=latin[39m
[u[1000D[1000D[K[1A[1000D[K[32m100%[39m remaining: links(-1)[90m
Last job: compress css[39m
[u[1000D[1000D[K[1A[1000D[K[32m100%[39m remaining: links(-1), images(11)[90m
Last job: compress css[39m
[u[1000D[1000D[K[1A[1000D[K[32m100%[39m remaining: links(-1), images(11)[90m
Last job: get image v0SdcGFAl2aezM9Vq_aFTQ.ttf[39m
[u[1000D[1000D[K[1A[1000D[K[32m100%[39m remaining: links(-1), images(11)[90m
Last job: loading v0SdcGFAl2aezM9Vq_aFTQ.ttf[39m
[u[1000D[1000D[K[1A[1000D[K[32m100%[39m remaining: links(-1), images(11)[90m
Last job: get image DvlFBScY1r-FMtZSYIYoYw.ttf[39m
[u[1000D[1000D[K[1A[1000D[K[32m100%[39m remaining: links(-1), images(11)[90m
Last job: loading DvlFBScY1r-FMtZSYIYoYw.ttf[39m
[u[1000D[1000D[K[1A[1000D[K[32m100%[39m remaining: links(-1), images(11)[90m
Last job: get image LqowQDslGv4DmUBAfWa2Vw.ttf[39m
[u[1000D[1000D[K[1A[1000D[K[32m100%[39m remaining: links(-1), images(11)[90m
Last job: loading LqowQDslGv4DmUBAfWa2Vw.ttf[39m
[u[1000D[1000D[K[1A[1000D[K[32m100%[39m remaining: links(-1), images(11)[90m
Last job: get image HkF_qI1x_noxlxhrhMQYEKCWcynf_cDxXwCLxiixG1c.ttf[39m
[u[1000D[1000D[K[1A[1000D[K[32m100%[39m remaining: links(-1), images(11)[90m
Last job: loading HkF_qI1x_noxlxhrhMQYEKCWcynf_cDxXwCLxiixG1c.ttf[39m
[u[1000D[1000D[K[1A[1000D[K[32m100%[39m remaining: links(-1), images(11)[90m
Last job: get image flags.png[39m
[u[1000D[1000D[K[1A[1000D[K[32m100%[39m remaining: links(-1), images(11)[90m
Last job: loading flags.png[39m
[u[1000D[1000D[K[1A[1000D[K[32m100%[39m remaining: links(-1), images(11)[90m
Last job: get image icons.eot[39m
[u[1000D[1000D[K[1A[1000D[K[32m100%[39m remaining: links(-1), images(11)[90m
Last job: loading icons.eot[39m
[u[1000D[1000D[K[1A[1000D[K[32m100%[39m remaining: links(-1), images(11)[90m
Last job: get image icons.eot[39m
[u[1000D[1000D[K[1A[1000D[K[32m100%[39m remaining: links(-1), images(11)[90m
Last job: get image icons.woff2[39m
[u[1000D[1000D[K[1A[1000D[K[32m100%[39m remaining: links(-1), images(11)[90m
Last job: loading icons.woff2[39m
[u[1000D[1000D[K[1A[1000D[K[32m100%[39m remaining: links(-1), images(11)[90m
Last job: get image icons.woff[39m
[u[1000D[1000D[K[1A[1000D[K[32m100%[39m remaining: links(-1), images(11)[90m
Last job: loading icons.woff[39m
[u[1000D[1000D[K[1A[1000D[K[32m100%[39m remaining: links(-1), images(11)[90m
Last job: get image icons.ttf[39m
[u[1000D[1000D[K[1A[1000D[K[32m100%[39m remaining: links(-1), images(11)[90m
Last job: loading icons.ttf[39m
[u[1000D[1000D[K[1A[1000D[K[32m100%[39m remaining: links(-1), images(11)[90m
Last job: get image icons.svg[39m
[u[1000D[1000D[K[1A[1000D[K[32m100%[39m remaining: links(-1), images(11)[90m
Last job: loading icons.svg[39m
[u[1000D[1000D[K[1A[1000D[K[32m100%[39m remaining: links(-1), images(10)[90m
Last job: loading icons.svg[39m
[u[1000D[1000D[K[1A[1000D[K[32m100%[39m remaining: links(-1), images(9)[90m
Last job: loading icons.svg[39m
[u[1000D[1000D[K[1A[1000D[K[32m100%[39m remaining: links(-1), images(8)[90m
Last job: loading icons.svg[39m
[u[1000D[1000D[K[1A[1000D[K[32m100%[39m remaining: links(-1), images(7)[90m
Last job: loading icons.svg[39m
[u[1000D[1000D[K[1A[1000D[K[32m100%[39m remaining: links(-1), images(6)[90m
Last job: loading icons.svg[39m
[u[1000D[1000D[K[1A[1000D[K[32m100%[39m remaining: links(-1), images(5)[90m
Last job: loading icons.svg[39m
[u[1000D[1000D[K[1A[1000D[K[32m100%[39m remaining: links(-1), images(4)[90m
Last job: loading icons.svg[39m
[u[1000D[1000D[K[1A[1000D[K[32m100%[39m remaining: links(-1), images(3)[90m
Last job: loading icons.svg[39m
[u[1000D[1000D[K[1A[1000D[K[32m100%[39m remaining: links(-1), images(2)[90m
Last job: loading icons.svg[39m
[u[1000D[1000D[K[1A[1000D[K[32m100%[39m remaining: links(-1), images(1)[90m
Last job: loading icons.svg[39m
[u[1000D[1000D[K[1A[1000D[K[32m100%[39m remaining: links(-1)[90m
Last job: loading icons.svg[39m
[32mTime: 11s 814.892ms
[39m[?25h[?25h[?25h[?25l

[1A[s
[u[1000D[1000D[K[1A[1000D[K[32m0%[39m remaining: html(1)[90m
Last job: [39m
[u[1000D[1000D[K[1A[1000D[K[32m0%[39m remaining: html(1)[90m
Last job: loading resume.html[39m
[u[1000D[1000D[K[1A[1000D[K[32m100%[39m[90m
Last job: loading resume.html[39m
[u[1000D[1000D[K[1A[1000D[K[32m20%[39m remaining: links(4)[90m
Last job: loading resume.html[39m
[u[1000D[1000D[K[1A[1000D[K[32m20%[39m remaining: links(4)[90m
Last job: processing external css semantic.min.css[39m
[u[1000D[1000D[K[1A[1000D[K[32m20%[39m remaining: links(4)[90m
Last job: loading semantic.min.css[39m
[u[1000D[1000D[K[1A[1000D[K[32m20%[39m remaining: links(4)[90m
Last job: processing external css rating.min.css[39m
[u[1000D[1000D[K[1A[1000D[K[32m20%[39m remaining: links(4)[90m
Last job: loading rating.min.css[39m
[u[1000D[1000D[K[1A[1000D[K[32m20%[39m remaining: links(4)[90m
Last job: processing external css fonts.css[39m
[u[1000D[1000D[K[1A[1000D[K[32m20%[39m remaining: links(4)[90m
Last job: loading fonts.css[39m
[u[1000D[1000D[K[1A[1000D[K[32m20%[39m remaining: links(4)[90m
Last job: processing external css default_theme.css[39m
[u[1000D[1000D[K[1A[1000D[K[32m20%[39m remaining: links(4)[90m
Last job: loading default_theme.css[39m
[u[1000D[1000D[K[1A[1000D[K[32m7%[39m remaining: links(4), style-attrs(10)[90m
Last job: loading default_theme.css[39m
[u[1000D[1000D[K[1A[1000D[K[32m7%[39m remaining: links(4), style-attrs(10)[90m
Last job: processing inline css[39m
[u[1000D[1000D[K[1A[1000D[K[32m7%[39m remaining: links(4), style-attrs(10)[90m
Last job: compress css[39m
[u[1000D[1000D[K[1A[1000D[K[32m7%[39m remaining: links(4), style-attrs(10)[90m
Last job: processing inline css[39m
[u[1000D[1000D[K[1A[1000D[K[32m7%[39m remaining: links(4), style-attrs(10)[90m
Last job: compress css[39m
[u[1000D[1000D[K[1A[1000D[K[32m7%[39m remaining: links(4), style-attrs(10)[90m
Last job: processing inline css[39m
[u[1000D[1000D[K[1A[1000D[K[32m7%[39m remaining: links(4), style-attrs(10)[90m
Last job: compress css[39m
[u[1000D[1000D[K[1A[1000D[K[32m7%[39m remaining: links(4), style-attrs(10)[90m
Last job: processing inline css[39m
[u[1000D[1000D[K[1A[1000D[K[32m7%[39m remaining: links(4), style-attrs(10)[90m
Last job: compress css[39m
[u[1000D[1000D[K[1A[1000D[K[32m7%[39m remaining: links(4), style-attrs(10)[90m
Last job: processing inline css[39m
[u[1000D[1000D[K[1A[1000D[K[32m7%[39m remaining: links(4), style-attrs(10)[90m
Last job: compress css[39m
[u[1000D[1000D[K[1A[1000D[K[32m7%[39m remaining: links(4), style-attrs(10)[90m
Last job: processing inline css[39m
[u[1000D[1000D[K[1A[1000D[K[32m7%[39m remaining: links(4), style-attrs(10)[90m
Last job: compress css[39m
[u[1000D[1000D[K[1A[1000D[K[32m7%[39m remaining: links(4), style-attrs(10)[90m
Last job: processing inline css[39m
[u[1000D[1000D[K[1A[1000D[K[32m7%[39m remaining: links(4), style-attrs(10)[90m
Last job: compress css[39m
[u[1000D[1000D[K[1A[1000D[K[32m7%[39m remaining: links(4), style-attrs(10)[90m
Last job: processing inline css[39m
[u[1000D[1000D[K[1A[1000D[K[32m7%[39m remaining: links(4), style-attrs(10)[90m
Last job: compress css[39m
[u[1000D[1000D[K[1A[1000D[K[32m7%[39m remaining: links(4), style-attrs(10)[90m
Last job: processing inline css[39m
[u[1000D[1000D[K[1A[1000D[K[32m7%[39m remaining: links(4), style-attrs(10)[90m
Last job: compress css[39m
[u[1000D[1000D[K[1A[1000D[K[32m7%[39m remaining: links(4), style-attrs(10)[90m
Last job: processing inline css[39m
[u[1000D[1000D[K[1A[1000D[K[32m7%[39m remaining: links(4), style-attrs(10)[90m
Last job: compress css[39m
[u[1000D[1000D[K[1A[1000D[K[32m14%[39m remaining: links(4), style-attrs(9)[90m
Last job: compress css[39m
[u[1000D[1000D[K[1A[1000D[K[32m20%[39m remaining: links(4), style-attrs(8)[90m
Last job: compress css[39m
[u[1000D[1000D[K[1A[1000D[K[32m27%[39m remaining: links(4), style-attrs(7)[90m
Last job: compress css[39m
[u[1000D[1000D[K[1A[1000D[K[32m34%[39m remaining: links(4), style-attrs(6)[90m
Last job: compress css[39m
[u[1000D[1000D[K[1A[1000D[K[32m40%[39m remaining: links(4), style-attrs(5)[90m
Last job: compress css[39m
[u[1000D[1000D[K[1A[1000D[K[32m47%[39m remaining: links(4), style-attrs(4)[90m
Last job: compress css[39m
[u[1000D[1000D[K[1A[1000D[K[32m54%[39m remaining: links(4), style-attrs(3)[90m
Last job: compress css[39m
[u[1000D[1000D[K[1A[1000D[K[32m60%[39m remaining: links(4), style-attrs(2)[90m
Last job: compress css[39m
[u[1000D[1000D[K[1A[1000D[K[32m67%[39m remaining: links(4), style-attrs(1)[90m
Last job: compress css[39m
[u[1000D[1000D[K[1A[1000D[K[32m74%[39m remaining: links(4)[90m
Last job: compress css[39m
[u[1000D[1000D[K[1A[1000D[K[32m80%[39m remaining: links(3)[90m
Last job: compress css[39m
[u[1000D[1000D[K[1A[1000D[K[32m100%[39m remaining: links(3)[90m
Last job: compress css[39m
[u[1000D[1000D[K[1A[1000D[K[32m100%[39m remaining: links(3)[90m
Last job: loading css?family=Lato:400,700,400italic,700italic&subset=latin[39m
[u[1000D[1000D[K[1A[1000D[K[32m100%[39m remaining: links(2)[90m
Last job: loading css?family=Lato:400,700,400italic,700italic&subset=latin[39m
[u[1000D[1000D[K[1A[1000D[K[32m100%[39m remaining: links(2)[90m
Last job: compress css[39m
[u[1000D[1000D[K[1A[1000D[K[32m100%[39m remaining: links(1)[90m
Last job: compress css[39m
[u[1000D[1000D[K[1A[1000D[K[32m100%[39m remaining: links(1)[90m
Last job: compress css[39m
[u[1000D[1000D[K[1A[1000D[K[32m100%[39m[90m
Last job: compress css[39m
[u[1000D[1000D[K[1A[1000D[K[32m100%[39m[90m
Last job: compress css[39m
[u[1000D[1000D[K[1A[1000D[K[32m100%[39m remaining: links(-1)[90m
Last job: compress css[39m
[u[1000D[1000D[K[1A[1000D[K[32m100%[39m remaining: links(-1)[90m
Last job: import css?family=Lato:400,700,400italic,700italic&subset=latin[39m
[u[1000D[1000D[K[1A[1000D[K[32m100%[39m remaining: links(-1)[90m
Last job: compress css[39m
[32mTime: 0s 507.909ms
[39m[?25h[?25h[?25h